09:52:29.292  INFO  manager.ApplicationManager - All tests start in Chrome Browser
09:52:30.315  INFO  manager.ApplicationManager - Current url --> https://telranedu.web.app/home
09:52:30.327  INFO  manager.ListenerTestNG - onStart ---Gradle test
09:52:30.352  INFO  tests.TestBase - The name of starts method is ---> addContactSuccess
09:52:30.354  INFO  manager.ListenerWD - Before find elements  --> By.xpath: //button[text()='Sign Out']
09:52:35.390  INFO  manager.ListenerWD - After find elements  -->By.xpath: //button[text()='Sign Out']
09:52:35.393  INFO  manager.ListenerWD - List size --> 0
09:52:35.394  INFO  manager.ListenerWD - Before find element  --> By.cssSelector: a[href='/login']
09:52:35.419  INFO  manager.ListenerWD - After find element  --> By.cssSelector: a[href='/login']
09:52:35.476  INFO  manager.ListenerWD - Before find element  --> By.cssSelector: [name='email']
09:52:35.503  INFO  manager.ListenerWD - After find element  --> By.cssSelector: [name='email']
09:52:35.615  INFO  manager.ListenerWD - Before find element  --> By.name: password
09:52:35.642  INFO  manager.ListenerWD - After find element  --> By.name: password
09:52:35.736  INFO  manager.ListenerWD - Before find element  --> By.cssSelector: [name='login']
09:52:35.758  INFO  manager.ListenerWD - After find element  --> By.cssSelector: [name='login']
09:52:35.791  INFO  manager.ListenerTestNG - onTestStart ---addContactSuccess
09:52:35.825  INFO  manager.ListenerWD - Before find element  --> By.cssSelector: a[href='/add']
09:52:36.807  INFO  manager.ListenerWD - After find element  --> By.cssSelector: a[href='/add']
09:52:36.839  INFO  manager.ListenerWD - Before find element  --> By.cssSelector: input[placeholder='Name']
09:52:36.860  INFO  manager.ListenerWD - After find element  --> By.cssSelector: input[placeholder='Name']
09:52:36.938  INFO  manager.ListenerWD - Before find element  --> By.cssSelector: input[placeholder='Last Name']
09:52:36.955  INFO  manager.ListenerWD - After find element  --> By.cssSelector: input[placeholder='Last Name']
09:52:37.029  INFO  manager.ListenerWD - Before find element  --> By.cssSelector: input[placeholder='Phone']
09:52:37.047  INFO  manager.ListenerWD - After find element  --> By.cssSelector: input[placeholder='Phone']
09:52:37.126  INFO  manager.ListenerWD - Before find element  --> By.cssSelector: input[placeholder='email']
09:52:37.145  INFO  manager.ListenerWD - After find element  --> By.cssSelector: input[placeholder='email']
09:52:37.226  INFO  manager.ListenerWD - Before find element  --> By.cssSelector: input[placeholder='Address']
09:52:37.245  INFO  manager.ListenerWD - After find element  --> By.cssSelector: input[placeholder='Address']
09:52:37.323  INFO  manager.ListenerWD - Before find element  --> By.cssSelector: input[placeholder='description']
09:52:37.343  INFO  manager.ListenerWD - After find element  --> By.cssSelector: input[placeholder='description']
09:52:37.417  INFO  manager.ListenerWD - Before find element  --> By.xpath: //b[text()='Save']
09:52:37.434  INFO  manager.ListenerWD - After find element  --> By.xpath: //b[text()='Save']
09:52:37.460  INFO  manager.ListenerWD - Before find elements  --> By.cssSelector: h2
09:52:38.203  INFO  manager.ListenerWD - After find elements  -->By.cssSelector: h2
09:52:38.203  INFO  manager.ListenerWD - List size --> 32
09:52:38.574  INFO  manager.ListenerWD - Before find elements  --> By.cssSelector: h3
09:52:38.772  INFO  manager.ListenerWD - After find elements  -->By.cssSelector: h3
09:52:38.772  INFO  manager.ListenerWD - List size --> 32
09:52:38.813  INFO  manager.ListenerTestNG - onTestSuccessaddContactSuccess
09:52:38.814  INFO  tests.TestBase - The name of starts method is ---> addContactSuccessRequiredFields
09:52:38.815  INFO  manager.ListenerWD - Before find elements  --> By.xpath: //button[text()='Sign Out']
09:52:38.827  INFO  manager.ListenerWD - After find elements  -->By.xpath: //button[text()='Sign Out']
09:52:38.828  INFO  manager.ListenerWD - List size --> 1
09:52:38.828  INFO  manager.ListenerTestNG - onTestStart ---addContactSuccessRequiredFields
09:52:38.829  INFO  manager.ListenerWD - Before find element  --> By.cssSelector: a[href='/add']
09:52:38.840  INFO  manager.ListenerWD - After find element  --> By.cssSelector: a[href='/add']
09:52:38.867  INFO  manager.ListenerWD - Before find element  --> By.cssSelector: input[placeholder='Name']
09:52:38.879  INFO  manager.ListenerWD - After find element  --> By.cssSelector: input[placeholder='Name']
09:52:38.954  INFO  manager.ListenerWD - Before find element  --> By.cssSelector: input[placeholder='Last Name']
09:52:38.966  INFO  manager.ListenerWD - After find element  --> By.cssSelector: input[placeholder='Last Name']
09:52:39.042  INFO  manager.ListenerWD - Before find element  --> By.cssSelector: input[placeholder='Phone']
09:52:39.054  INFO  manager.ListenerWD - After find element  --> By.cssSelector: input[placeholder='Phone']
09:52:39.134  INFO  manager.ListenerWD - Before find element  --> By.cssSelector: input[placeholder='email']
09:52:39.146  INFO  manager.ListenerWD - After find element  --> By.cssSelector: input[placeholder='email']
09:52:39.230  INFO  manager.ListenerWD - Before find element  --> By.cssSelector: input[placeholder='Address']
09:52:39.242  INFO  manager.ListenerWD - After find element  --> By.cssSelector: input[placeholder='Address']
09:52:39.314  INFO  manager.ListenerWD - Before find element  --> By.xpath: //b[text()='Save']
09:52:39.324  INFO  manager.ListenerWD - After find element  --> By.xpath: //b[text()='Save']
09:52:39.350  INFO  manager.ListenerWD - Before find elements  --> By.cssSelector: h2
09:52:40.189  INFO  manager.ListenerWD - After find elements  -->By.cssSelector: h2
09:52:40.189  INFO  manager.ListenerWD - List size --> 33
09:52:40.566  INFO  manager.ListenerWD - Before find elements  --> By.cssSelector: h3
09:52:40.717  INFO  manager.ListenerWD - After find elements  -->By.cssSelector: h3
09:52:40.717  INFO  manager.ListenerWD - List size --> 33
09:52:40.731  INFO  manager.ListenerWD - Before find element  --> By.xpath: //h3[text()='2654525897']
09:52:40.745  INFO  manager.ListenerWD - After find element  --> By.xpath: //h3[text()='2654525897']
09:52:40.781  INFO  manager.ListenerWD - Before find elements  --> By.cssSelector: .contact-item_card__2SOIM
09:52:40.965  INFO  manager.ListenerWD - After find elements  -->By.cssSelector: .contact-item_card__2SOIM
09:52:40.965  INFO  manager.ListenerWD - List size --> 33
09:52:40.996  INFO  manager.ListenerWD - Before find element  --> By.cssSelector: .contact-item-detailed_card__50dTS
09:52:41.013  INFO  manager.ListenerWD - After find element  --> By.cssSelector: .contact-item-detailed_card__50dTS
09:52:41.031  INFO  manager.ListenerTestNG - onTestSuccessaddContactSuccessRequiredFields
09:52:41.032  INFO  tests.TestBase - The name of starts method is ---> addContactWrongAddressFormat
09:52:41.033  INFO  manager.ListenerWD - Before find elements  --> By.xpath: //button[text()='Sign Out']
09:52:41.044  INFO  manager.ListenerWD - After find elements  -->By.xpath: //button[text()='Sign Out']
09:52:41.045  INFO  manager.ListenerWD - List size --> 1
09:52:41.045  INFO  manager.ListenerTestNG - onTestStart ---addContactWrongAddressFormat
09:52:41.046  INFO  manager.ListenerWD - Before find element  --> By.cssSelector: a[href='/add']
09:52:41.059  INFO  manager.ListenerWD - After find element  --> By.cssSelector: a[href='/add']
09:52:41.084  INFO  manager.ListenerWD - Before find element  --> By.cssSelector: input[placeholder='Name']
09:52:41.095  INFO  manager.ListenerWD - After find element  --> By.cssSelector: input[placeholder='Name']
09:52:41.171  INFO  manager.ListenerWD - Before find element  --> By.cssSelector: input[placeholder='Last Name']
09:52:41.181  INFO  manager.ListenerWD - After find element  --> By.cssSelector: input[placeholder='Last Name']
09:52:41.251  INFO  manager.ListenerWD - Before find element  --> By.cssSelector: input[placeholder='Phone']
09:52:41.261  INFO  manager.ListenerWD - After find element  --> By.cssSelector: input[placeholder='Phone']
09:52:41.336  INFO  manager.ListenerWD - Before find element  --> By.cssSelector: input[placeholder='email']
09:52:41.347  INFO  manager.ListenerWD - After find element  --> By.cssSelector: input[placeholder='email']
09:52:41.429  INFO  manager.ListenerWD - Before find element  --> By.cssSelector: input[placeholder='Address']
09:52:41.439  INFO  manager.ListenerWD - After find element  --> By.cssSelector: input[placeholder='Address']
09:52:41.505  INFO  manager.ListenerWD - Before find element  --> By.cssSelector: input[placeholder='description']
09:52:41.514  INFO  manager.ListenerWD - After find element  --> By.cssSelector: input[placeholder='description']
09:52:41.582  INFO  manager.ListenerWD - Before find element  --> By.xpath: //b[text()='Save']
09:52:41.592  INFO  manager.ListenerWD - After find element  --> By.xpath: //b[text()='Save']
09:52:41.619  INFO  manager.ListenerWD - Before find elements  --> By.xpath: //b[text()='Save']
09:52:41.634  INFO  manager.ListenerWD - After find elements  -->By.xpath: //b[text()='Save']
09:52:41.634  INFO  manager.ListenerWD - List size --> 1
09:52:41.634  INFO  manager.ListenerTestNG - onTestSuccessaddContactWrongAddressFormat
09:52:41.635  INFO  tests.TestBase - The name of starts method is ---> addContactWrongEmailFormat
09:52:41.636  INFO  manager.ListenerWD - Before find elements  --> By.xpath: //button[text()='Sign Out']
09:52:41.645  INFO  manager.ListenerWD - After find elements  -->By.xpath: //button[text()='Sign Out']
09:52:41.645  INFO  manager.ListenerWD - List size --> 1
09:52:41.646  INFO  manager.ListenerTestNG - onTestStart ---addContactWrongEmailFormat
09:52:41.646  INFO  manager.ListenerWD - Before find element  --> By.cssSelector: a[href='/add']
09:52:41.658  INFO  manager.ListenerWD - After find element  --> By.cssSelector: a[href='/add']
09:52:41.680  INFO  manager.ListenerWD - Before find element  --> By.cssSelector: input[placeholder='Name']
09:52:41.693  INFO  manager.ListenerWD - After find element  --> By.cssSelector: input[placeholder='Name']
09:52:41.791  INFO  manager.ListenerWD - Before find element  --> By.cssSelector: input[placeholder='Last Name']
09:52:41.802  INFO  manager.ListenerWD - After find element  --> By.cssSelector: input[placeholder='Last Name']
09:52:41.875  INFO  manager.ListenerWD - Before find element  --> By.cssSelector: input[placeholder='Phone']
09:52:41.888  INFO  manager.ListenerWD - After find element  --> By.cssSelector: input[placeholder='Phone']
09:52:41.971  INFO  manager.ListenerWD - Before find element  --> By.cssSelector: input[placeholder='email']
09:52:41.983  INFO  manager.ListenerWD - After find element  --> By.cssSelector: input[placeholder='email']
09:52:42.069  INFO  manager.ListenerWD - Before find element  --> By.cssSelector: input[placeholder='Address']
09:52:42.081  INFO  manager.ListenerWD - After find element  --> By.cssSelector: input[placeholder='Address']
09:52:42.143  INFO  manager.ListenerWD - Before find element  --> By.cssSelector: input[placeholder='description']
09:52:42.154  INFO  manager.ListenerWD - After find element  --> By.cssSelector: input[placeholder='description']
09:52:42.232  INFO  manager.ListenerWD - Before find element  --> By.xpath: //b[text()='Save']
09:52:42.245  INFO  manager.ListenerWD - After find element  --> By.xpath: //b[text()='Save']
09:52:42.286  INFO  manager.ListenerWD - Test ends with error
09:52:42.287  INFO  manager.ListenerWD - *********************
09:52:42.287  INFO  manager.ListenerWD - Method method alert
09:52:42.287  INFO  manager.ListenerWD - ****************************
09:52:42.289  INFO  manager.ListenerWD - InvocationTargetException getTargetException ---> org.openqa.selenium.NoAlertPresentException: no such alert
  (Session info: chrome=109.0.5414.120)
Build info: version: '4.7.1', revision: 'c6795baf1a3'
System info: os.name: 'Windows 10', os.arch: 'amd64', os.version: '10.0', java.version: '11.0.17'
Driver info: org.openqa.selenium.chrome.ChromeDriver
Command: [75c6cc6d273eac4859f4007f935dae6c, getAlertText {}]
Capabilities {acceptInsecureCerts: false, browserName: chrome, browserVersion: 109.0.5414.120, chrome: {chromedriverVersion: 109.0.5414.74 (e7c5703604da..., userDataDir: C:\Program Files (x86)\scop...}, goog:chromeOptions: {debuggerAddress: localhost:56839}, networkConnectionEnabled: false, pageLoadStrategy: normal, platformName: WINDOWS, proxy: Proxy(), se:cdp: ws://localhost:56839/devtoo..., se:cdpVersion: 109.0.5414.120, setWindowRect: true, strictFileInteractability: false, timeouts: {implicit: 0, pageLoad: 300000, script: 30000}, unhandledPromptBehavior: dismiss and notify, webauthn:extension:credBlob: true, webauthn:extension:largeBlob: true, webauthn:virtualAuthenticators: true}
Session ID: 75c6cc6d273eac4859f4007f935dae6c
09:52:42.290  INFO  manager.ListenerWD - ****************************
09:52:42.290  INFO  manager.ListenerWD - Object target org.openqa.selenium.remote.RemoteWebDriver$RemoteTargetLocator@22cb3d59
09:52:42.291  INFO  manager.ListenerWD - ****************************
09:52:42.810  INFO  manager.ListenerTestNG - onTestSuccessaddContactWrongEmailFormat
09:52:42.812  INFO  tests.TestBase - The name of starts method is ---> addContactWrongLastNameFormat
09:52:42.813  INFO  manager.ListenerWD - Before find elements  --> By.xpath: //button[text()='Sign Out']
09:52:42.827  INFO  manager.ListenerWD - After find elements  -->By.xpath: //button[text()='Sign Out']
09:52:42.827  INFO  manager.ListenerWD - List size --> 1
09:52:42.827  INFO  manager.ListenerTestNG - onTestStart ---addContactWrongLastNameFormat
09:52:42.828  INFO  manager.ListenerWD - Before find element  --> By.cssSelector: a[href='/add']
09:52:42.843  INFO  manager.ListenerWD - After find element  --> By.cssSelector: a[href='/add']
09:52:42.868  INFO  manager.ListenerWD - Before find element  --> By.cssSelector: input[placeholder='Name']
09:52:42.882  INFO  manager.ListenerWD - After find element  --> By.cssSelector: input[placeholder='Name']
09:52:42.947  INFO  manager.ListenerWD - Before find element  --> By.cssSelector: input[placeholder='Last Name']
09:52:42.958  INFO  manager.ListenerWD - After find element  --> By.cssSelector: input[placeholder='Last Name']
09:52:43.011  INFO  manager.ListenerWD - Before find element  --> By.cssSelector: input[placeholder='Phone']
09:52:43.022  INFO  manager.ListenerWD - After find element  --> By.cssSelector: input[placeholder='Phone']
09:52:43.082  INFO  manager.ListenerWD - Before find element  --> By.cssSelector: input[placeholder='email']
09:52:43.092  INFO  manager.ListenerWD - After find element  --> By.cssSelector: input[placeholder='email']
09:52:43.160  INFO  manager.ListenerWD - Before find element  --> By.cssSelector: input[placeholder='Address']
09:52:43.169  INFO  manager.ListenerWD - After find element  --> By.cssSelector: input[placeholder='Address']
09:52:43.231  INFO  manager.ListenerWD - Before find element  --> By.cssSelector: input[placeholder='description']
09:52:43.241  INFO  manager.ListenerWD - After find element  --> By.cssSelector: input[placeholder='description']
09:52:43.301  INFO  manager.ListenerWD - Before find element  --> By.xpath: //b[text()='Save']
09:52:43.311  INFO  manager.ListenerWD - After find element  --> By.xpath: //b[text()='Save']
09:52:43.326  INFO  manager.ListenerWD - Before find elements  --> By.xpath: //b[text()='Save']
09:52:43.335  INFO  manager.ListenerWD - After find elements  -->By.xpath: //b[text()='Save']
09:52:43.336  INFO  manager.ListenerWD - List size --> 1
09:52:43.336  INFO  manager.ListenerTestNG - onTestSuccessaddContactWrongLastNameFormat
09:52:43.336  INFO  tests.TestBase - The name of starts method is ---> addContactWrongNameFormat
09:52:43.337  INFO  manager.ListenerWD - Before find elements  --> By.xpath: //button[text()='Sign Out']
09:52:43.345  INFO  manager.ListenerWD - After find elements  -->By.xpath: //button[text()='Sign Out']
09:52:43.345  INFO  manager.ListenerWD - List size --> 1
09:52:43.346  INFO  manager.ListenerTestNG - onTestStart ---addContactWrongNameFormat
09:52:43.346  INFO  manager.ListenerWD - Before find element  --> By.cssSelector: a[href='/add']
09:52:43.356  INFO  manager.ListenerWD - After find element  --> By.cssSelector: a[href='/add']
09:52:43.373  INFO  manager.ListenerWD - Before find element  --> By.cssSelector: input[placeholder='Name']
09:52:43.383  INFO  manager.ListenerWD - After find element  --> By.cssSelector: input[placeholder='Name']
09:52:43.439  INFO  manager.ListenerWD - Before find element  --> By.cssSelector: input[placeholder='Last Name']
09:52:43.448  INFO  manager.ListenerWD - After find element  --> By.cssSelector: input[placeholder='Last Name']
09:52:43.505  INFO  manager.ListenerWD - Before find element  --> By.cssSelector: input[placeholder='Phone']
09:52:43.514  INFO  manager.ListenerWD - After find element  --> By.cssSelector: input[placeholder='Phone']
09:52:43.534  INFO  manager.ListenerWD - Test ends with error
09:52:43.534  INFO  manager.ListenerWD - *********************
09:52:43.534  INFO  manager.ListenerWD - Method method click
09:52:43.534  INFO  manager.ListenerWD - ****************************
09:52:43.534  INFO  manager.ListenerWD - InvocationTargetException getTargetException ---> org.openqa.selenium.StaleElementReferenceException: stale element reference: element is not attached to the page document
  (Session info: chrome=109.0.5414.120)
For documentation on this error, please visit: https://selenium.dev/exceptions/#stale_element_reference
Build info: version: '4.7.1', revision: 'c6795baf1a3'
System info: os.name: 'Windows 10', os.arch: 'amd64', os.version: '10.0', java.version: '11.0.17'
Driver info: org.openqa.selenium.chrome.ChromeDriver
Command: [75c6cc6d273eac4859f4007f935dae6c, clickElement {id=a5b4447b-41be-4947-b6f7-e66e244f5f74}]
Capabilities {acceptInsecureCerts: false, browserName: chrome, browserVersion: 109.0.5414.120, chrome: {chromedriverVersion: 109.0.5414.74 (e7c5703604da..., userDataDir: C:\Program Files (x86)\scop...}, goog:chromeOptions: {debuggerAddress: localhost:56839}, networkConnectionEnabled: false, pageLoadStrategy: normal, platformName: WINDOWS, proxy: Proxy(), se:cdp: ws://localhost:56839/devtoo..., se:cdpVersion: 109.0.5414.120, setWindowRect: true, strictFileInteractability: false, timeouts: {implicit: 0, pageLoad: 300000, script: 30000}, unhandledPromptBehavior: dismiss and notify, webauthn:extension:credBlob: true, webauthn:extension:largeBlob: true, webauthn:virtualAuthenticators: true}
Element: [[ChromeDriver: chrome on WINDOWS (75c6cc6d273eac4859f4007f935dae6c)] -> css selector: input[placeholder='Phone']]
Session ID: 75c6cc6d273eac4859f4007f935dae6c
09:52:43.534  INFO  manager.ListenerWD - ****************************
09:52:43.534  INFO  manager.ListenerWD - Object target [[ChromeDriver: chrome on WINDOWS (75c6cc6d273eac4859f4007f935dae6c)] -> css selector: input[placeholder='Phone']]
09:52:43.535  INFO  manager.ListenerWD - ****************************
09:52:43.537  INFO  manager.ListenerTestNG - onTestFailure ---addContactWrongNameFormat
09:52:43.538  INFO  tests.TestBase - The name of starts method is ---> addContactWrongPhoneLength
09:52:43.539  INFO  manager.ListenerWD - Before find elements  --> By.xpath: //button[text()='Sign Out']
09:52:43.549  INFO  manager.ListenerWD - After find elements  -->By.xpath: //button[text()='Sign Out']
09:52:43.549  INFO  manager.ListenerWD - List size --> 1
09:52:43.549  INFO  manager.ListenerTestNG - onTestStart ---addContactWrongPhoneLength
09:52:43.550  INFO  manager.ListenerWD - Before find element  --> By.cssSelector: a[href='/add']
09:52:43.562  INFO  manager.ListenerWD - After find element  --> By.cssSelector: a[href='/add']
09:52:43.586  INFO  manager.ListenerWD - Before find element  --> By.cssSelector: input[placeholder='Name']
09:52:43.596  INFO  manager.ListenerWD - After find element  --> By.cssSelector: input[placeholder='Name']
09:52:43.667  INFO  manager.ListenerWD - Before find element  --> By.cssSelector: input[placeholder='Last Name']
09:52:43.676  INFO  manager.ListenerWD - After find element  --> By.cssSelector: input[placeholder='Last Name']
09:52:43.745  INFO  manager.ListenerWD - Before find element  --> By.cssSelector: input[placeholder='Phone']
09:52:43.753  INFO  manager.ListenerWD - After find element  --> By.cssSelector: input[placeholder='Phone']
09:52:43.819  INFO  manager.ListenerWD - Before find element  --> By.cssSelector: input[placeholder='email']
09:52:43.828  INFO  manager.ListenerWD - After find element  --> By.cssSelector: input[placeholder='email']
09:52:43.907  INFO  manager.ListenerWD - Before find element  --> By.cssSelector: input[placeholder='Address']
09:52:43.915  INFO  manager.ListenerWD - After find element  --> By.cssSelector: input[placeholder='Address']
09:52:43.989  INFO  manager.ListenerWD - Before find element  --> By.cssSelector: input[placeholder='description']
09:52:43.998  INFO  manager.ListenerWD - After find element  --> By.cssSelector: input[placeholder='description']
09:52:44.067  INFO  manager.ListenerWD - Before find element  --> By.xpath: //b[text()='Save']
09:52:44.076  INFO  manager.ListenerWD - After find element  --> By.xpath: //b[text()='Save']
09:52:44.105  INFO  manager.ListenerWD - Test ends with error
09:52:44.105  INFO  manager.ListenerWD - *********************
09:52:44.105  INFO  manager.ListenerWD - Method method alert
09:52:44.105  INFO  manager.ListenerWD - ****************************
09:52:44.106  INFO  manager.ListenerWD - InvocationTargetException getTargetException ---> org.openqa.selenium.NoAlertPresentException: no such alert
  (Session info: chrome=109.0.5414.120)
Build info: version: '4.7.1', revision: 'c6795baf1a3'
System info: os.name: 'Windows 10', os.arch: 'amd64', os.version: '10.0', java.version: '11.0.17'
Driver info: org.openqa.selenium.chrome.ChromeDriver
Command: [75c6cc6d273eac4859f4007f935dae6c, getAlertText {}]
Capabilities {acceptInsecureCerts: false, browserName: chrome, browserVersion: 109.0.5414.120, chrome: {chromedriverVersion: 109.0.5414.74 (e7c5703604da..., userDataDir: C:\Program Files (x86)\scop...}, goog:chromeOptions: {debuggerAddress: localhost:56839}, networkConnectionEnabled: false, pageLoadStrategy: normal, platformName: WINDOWS, proxy: Proxy(), se:cdp: ws://localhost:56839/devtoo..., se:cdpVersion: 109.0.5414.120, setWindowRect: true, strictFileInteractability: false, timeouts: {implicit: 0, pageLoad: 300000, script: 30000}, unhandledPromptBehavior: dismiss and notify, webauthn:extension:credBlob: true, webauthn:extension:largeBlob: true, webauthn:virtualAuthenticators: true}
Session ID: 75c6cc6d273eac4859f4007f935dae6c
09:52:44.106  INFO  manager.ListenerWD - ****************************
09:52:44.106  INFO  manager.ListenerWD - Object target org.openqa.selenium.remote.RemoteWebDriver$RemoteTargetLocator@6a96d639
09:52:44.106  INFO  manager.ListenerWD - ****************************
09:52:44.619  INFO  manager.ListenerTestNG - onTestSuccessaddContactWrongPhoneLength
09:52:44.623  INFO  tests.TestBase - The name of starts method is ---> loginSuccess
09:52:44.624  INFO  manager.ListenerWD - Before find elements  --> By.xpath: //button[text()='Sign Out']
09:52:44.636  INFO  manager.ListenerWD - After find elements  -->By.xpath: //button[text()='Sign Out']
09:52:44.636  INFO  manager.ListenerWD - List size --> 1
09:52:44.636  INFO  manager.ListenerWD - Before find element  --> By.xpath: //button[text()='Sign Out']
09:52:44.649  INFO  manager.ListenerWD - After find element  --> By.xpath: //button[text()='Sign Out']
09:52:44.677  INFO  tests.TestBase - I need logout
09:52:44.677  INFO  manager.ListenerTestNG - onTestStart ---loginSuccess
09:52:44.682  INFO  tests.TestBase - Login with valid data: email:michael+1@gmail.com & password:Michael12345$
09:52:44.682  INFO  manager.ListenerWD - Before find element  --> By.cssSelector: a[href='/login']
09:52:44.692  INFO  manager.ListenerWD - After find element  --> By.cssSelector: a[href='/login']
09:52:44.721  INFO  manager.ListenerWD - Before find element  --> By.cssSelector: [name='email']
09:52:44.732  INFO  manager.ListenerWD - After find element  --> By.cssSelector: [name='email']
09:52:44.820  INFO  manager.ListenerWD - Before find element  --> By.name: password
09:52:44.831  INFO  manager.ListenerWD - After find element  --> By.name: password
09:52:44.922  INFO  manager.ListenerWD - Before find element  --> By.cssSelector: [name='login']
09:52:44.932  INFO  manager.ListenerWD - After find element  --> By.cssSelector: [name='login']
09:52:44.960  INFO  manager.ListenerWD - Before find elements  --> By.xpath: //button[text()='Sign Out']
09:52:45.557  INFO  manager.ListenerWD - After find elements  -->By.xpath: //button[text()='Sign Out']
09:52:45.558  INFO  manager.ListenerWD - List size --> 1
09:52:45.558  INFO  tests.TestBase - Test success
09:52:45.558  INFO  manager.ListenerTestNG - onTestSuccessloginSuccess
09:52:45.558  INFO  tests.TestBase - The name of starts method is ---> loginSuccess
09:52:45.559  INFO  manager.ListenerWD - Before find elements  --> By.xpath: //button[text()='Sign Out']
09:52:45.568  INFO  manager.ListenerWD - After find elements  -->By.xpath: //button[text()='Sign Out']
09:52:45.568  INFO  manager.ListenerWD - List size --> 1
09:52:45.568  INFO  manager.ListenerWD - Before find element  --> By.xpath: //button[text()='Sign Out']
09:52:45.578  INFO  manager.ListenerWD - After find element  --> By.xpath: //button[text()='Sign Out']
09:52:45.606  INFO  tests.TestBase - I need logout
09:52:45.607  INFO  manager.ListenerTestNG - onTestStart ---loginSuccess
09:52:45.607  INFO  tests.TestBase - Login with valid data: email:franky@gmail.com & password:FrankY123$
09:52:45.607  INFO  manager.ListenerWD - Before find element  --> By.cssSelector: a[href='/login']
09:52:45.616  INFO  manager.ListenerWD - After find element  --> By.cssSelector: a[href='/login']
09:52:45.642  INFO  manager.ListenerWD - Before find element  --> By.cssSelector: [name='email']
09:52:45.652  INFO  manager.ListenerWD - After find element  --> By.cssSelector: [name='email']
09:52:45.740  INFO  manager.ListenerWD - Before find element  --> By.name: password
09:52:45.749  INFO  manager.ListenerWD - After find element  --> By.name: password
09:52:45.830  INFO  manager.ListenerWD - Before find element  --> By.cssSelector: [name='login']
09:52:45.839  INFO  manager.ListenerWD - After find element  --> By.cssSelector: [name='login']
09:52:45.865  INFO  manager.ListenerWD - Before find elements  --> By.xpath: //button[text()='Sign Out']
09:52:46.194  INFO  manager.ListenerWD - After find elements  -->By.xpath: //button[text()='Sign Out']
09:52:46.194  INFO  manager.ListenerWD - List size --> 1
09:52:46.194  INFO  tests.TestBase - Test success
09:52:46.194  INFO  manager.ListenerTestNG - onTestSuccessloginSuccess
09:52:46.195  INFO  tests.TestBase - The name of starts method is ---> loginSuccess
09:52:46.195  INFO  manager.ListenerWD - Before find elements  --> By.xpath: //button[text()='Sign Out']
09:52:46.204  INFO  manager.ListenerWD - After find elements  -->By.xpath: //button[text()='Sign Out']
09:52:46.205  INFO  manager.ListenerWD - List size --> 1
09:52:46.205  INFO  manager.ListenerWD - Before find element  --> By.xpath: //button[text()='Sign Out']
09:52:46.214  INFO  manager.ListenerWD - After find element  --> By.xpath: //button[text()='Sign Out']
09:52:46.241  INFO  tests.TestBase - I need logout
09:52:46.242  INFO  manager.ListenerTestNG - onTestStart ---loginSuccess
09:52:46.242  INFO  tests.TestBase - Login with valid data: email:michael+1@gmail.com & password:Michael12345$
09:52:46.242  INFO  manager.ListenerWD - Before find element  --> By.cssSelector: a[href='/login']
09:52:46.252  INFO  manager.ListenerWD - After find element  --> By.cssSelector: a[href='/login']
09:52:46.278  INFO  manager.ListenerWD - Before find element  --> By.cssSelector: [name='email']
09:52:46.287  INFO  manager.ListenerWD - After find element  --> By.cssSelector: [name='email']
09:52:46.371  INFO  manager.ListenerWD - Before find element  --> By.name: password
09:52:46.380  INFO  manager.ListenerWD - After find element  --> By.name: password
09:52:46.463  INFO  manager.ListenerWD - Before find element  --> By.cssSelector: [name='login']
09:52:46.472  INFO  manager.ListenerWD - After find element  --> By.cssSelector: [name='login']
09:52:46.498  INFO  manager.ListenerWD - Before find elements  --> By.xpath: //button[text()='Sign Out']
09:52:46.826  INFO  manager.ListenerWD - After find elements  -->By.xpath: //button[text()='Sign Out']
09:52:46.826  INFO  manager.ListenerWD - List size --> 1
09:52:46.826  INFO  tests.TestBase - Test success
09:52:46.826  INFO  manager.ListenerTestNG - onTestSuccessloginSuccess
09:52:46.827  INFO  tests.TestBase - The name of starts method is ---> loginSuccessModel
09:52:46.827  INFO  manager.ListenerWD - Before find elements  --> By.xpath: //button[text()='Sign Out']
09:52:46.838  INFO  manager.ListenerWD - After find elements  -->By.xpath: //button[text()='Sign Out']
09:52:46.838  INFO  manager.ListenerWD - List size --> 1
09:52:46.838  INFO  manager.ListenerWD - Before find element  --> By.xpath: //button[text()='Sign Out']
09:52:46.847  INFO  manager.ListenerWD - After find element  --> By.xpath: //button[text()='Sign Out']
09:52:46.876  INFO  tests.TestBase - I need logout
09:52:46.876  INFO  manager.ListenerTestNG - onTestStart ---loginSuccessModel
09:52:46.880  INFO  tests.TestBase - Test starts with user model --->User(email=michael+1@gmail.com, password=Michael12345$)
09:52:46.881  INFO  manager.ListenerWD - Before find element  --> By.cssSelector: a[href='/login']
09:52:46.890  INFO  manager.ListenerWD - After find element  --> By.cssSelector: a[href='/login']
09:52:46.920  INFO  manager.ListenerWD - Before find element  --> By.cssSelector: [name='email']
09:52:46.933  INFO  manager.ListenerWD - After find element  --> By.cssSelector: [name='email']
09:52:47.025  INFO  manager.ListenerWD - Before find element  --> By.name: password
09:52:47.034  INFO  manager.ListenerWD - After find element  --> By.name: password
09:52:47.120  INFO  manager.ListenerWD - Before find element  --> By.cssSelector: [name='login']
09:52:47.132  INFO  manager.ListenerWD - After find element  --> By.cssSelector: [name='login']
09:52:47.158  INFO  manager.ListenerWD - Before find elements  --> By.xpath: //button[text()='Sign Out']
09:52:47.488  INFO  manager.ListenerWD - After find elements  -->By.xpath: //button[text()='Sign Out']
09:52:47.488  INFO  manager.ListenerWD - List size --> 1
09:52:47.488  INFO  manager.ListenerTestNG - onTestSuccessloginSuccessModel
09:52:47.489  INFO  tests.TestBase - The name of starts method is ---> loginSuccessModel
09:52:47.489  INFO  manager.ListenerWD - Before find elements  --> By.xpath: //button[text()='Sign Out']
09:52:47.498  INFO  manager.ListenerWD - After find elements  -->By.xpath: //button[text()='Sign Out']
09:52:47.498  INFO  manager.ListenerWD - List size --> 1
09:52:47.498  INFO  manager.ListenerWD - Before find element  --> By.xpath: //button[text()='Sign Out']
09:52:47.506  INFO  manager.ListenerWD - After find element  --> By.xpath: //button[text()='Sign Out']
09:52:47.534  INFO  tests.TestBase - I need logout
09:52:47.535  INFO  manager.ListenerTestNG - onTestStart ---loginSuccessModel
09:52:47.535  INFO  tests.TestBase - Test starts with user model --->User(email=franky@gmail.com, password=FrankY123$)
09:52:47.535  INFO  manager.ListenerWD - Before find element  --> By.cssSelector: a[href='/login']
09:52:47.544  INFO  manager.ListenerWD - After find element  --> By.cssSelector: a[href='/login']
09:52:47.569  INFO  manager.ListenerWD - Before find element  --> By.cssSelector: [name='email']
09:52:47.578  INFO  manager.ListenerWD - After find element  --> By.cssSelector: [name='email']
09:52:47.668  INFO  manager.ListenerWD - Before find element  --> By.name: password
09:52:47.686  INFO  manager.ListenerWD - After find element  --> By.name: password
09:52:47.769  INFO  manager.ListenerWD - Before find element  --> By.cssSelector: [name='login']
09:52:47.778  INFO  manager.ListenerWD - After find element  --> By.cssSelector: [name='login']
09:52:47.805  INFO  manager.ListenerWD - Before find elements  --> By.xpath: //button[text()='Sign Out']
09:52:48.082  INFO  manager.ListenerWD - After find elements  -->By.xpath: //button[text()='Sign Out']
09:52:48.082  INFO  manager.ListenerWD - List size --> 1
09:52:48.083  INFO  manager.ListenerTestNG - onTestSuccessloginSuccessModel
09:52:48.083  INFO  tests.TestBase - The name of starts method is ---> loginSuccessModel
09:52:48.083  INFO  manager.ListenerWD - Before find elements  --> By.xpath: //button[text()='Sign Out']
09:52:48.092  INFO  manager.ListenerWD - After find elements  -->By.xpath: //button[text()='Sign Out']
09:52:48.092  INFO  manager.ListenerWD - List size --> 1
09:52:48.092  INFO  manager.ListenerWD - Before find element  --> By.xpath: //button[text()='Sign Out']
09:52:48.103  INFO  manager.ListenerWD - After find element  --> By.xpath: //button[text()='Sign Out']
09:52:48.132  INFO  tests.TestBase - I need logout
09:52:48.133  INFO  manager.ListenerTestNG - onTestStart ---loginSuccessModel
09:52:48.133  INFO  tests.TestBase - Test starts with user model --->User(email=michael+1@gmail.com, password=Michael12345$)
09:52:48.133  INFO  manager.ListenerWD - Before find element  --> By.cssSelector: a[href='/login']
09:52:48.143  INFO  manager.ListenerWD - After find element  --> By.cssSelector: a[href='/login']
09:52:48.168  INFO  manager.ListenerWD - Before find element  --> By.cssSelector: [name='email']
09:52:48.177  INFO  manager.ListenerWD - After find element  --> By.cssSelector: [name='email']
09:52:48.263  INFO  manager.ListenerWD - Before find element  --> By.name: password
09:52:48.272  INFO  manager.ListenerWD - After find element  --> By.name: password
09:52:48.355  INFO  manager.ListenerWD - Before find element  --> By.cssSelector: [name='login']
09:52:48.365  INFO  manager.ListenerWD - After find element  --> By.cssSelector: [name='login']
09:52:48.392  INFO  manager.ListenerWD - Before find elements  --> By.xpath: //button[text()='Sign Out']
09:52:48.669  INFO  manager.ListenerWD - After find elements  -->By.xpath: //button[text()='Sign Out']
09:52:48.670  INFO  manager.ListenerWD - List size --> 1
09:52:48.670  INFO  manager.ListenerTestNG - onTestSuccessloginSuccessModel
09:52:48.671  INFO  tests.TestBase - The name of starts method is ---> loginSuccessModelFromFile
09:52:48.671  INFO  manager.ListenerWD - Before find elements  --> By.xpath: //button[text()='Sign Out']
09:52:48.680  INFO  manager.ListenerWD - After find elements  -->By.xpath: //button[text()='Sign Out']
09:52:48.680  INFO  manager.ListenerWD - List size --> 1
09:52:48.680  INFO  manager.ListenerWD - Before find element  --> By.xpath: //button[text()='Sign Out']
09:52:48.689  INFO  manager.ListenerWD - After find element  --> By.xpath: //button[text()='Sign Out']
09:52:48.717  INFO  tests.TestBase - I need logout
09:52:48.718  INFO  manager.ListenerTestNG - onTestStart ---loginSuccessModelFromFile
09:52:48.718  INFO  tests.TestBase - Test starts with user model --->User(email=michael+1@gmail.com, password=Michael12345$)
09:52:48.718  INFO  manager.ListenerWD - Before find element  --> By.cssSelector: a[href='/login']
09:52:48.728  INFO  manager.ListenerWD - After find element  --> By.cssSelector: a[href='/login']
09:52:48.753  INFO  manager.ListenerWD - Before find element  --> By.cssSelector: [name='email']
09:52:48.772  INFO  manager.ListenerWD - After find element  --> By.cssSelector: [name='email']
09:52:48.859  INFO  manager.ListenerWD - Before find element  --> By.name: password
09:52:48.868  INFO  manager.ListenerWD - After find element  --> By.name: password
09:52:48.952  INFO  manager.ListenerWD - Before find element  --> By.cssSelector: [name='login']
09:52:48.961  INFO  manager.ListenerWD - After find element  --> By.cssSelector: [name='login']
09:52:48.986  INFO  manager.ListenerWD - Before find elements  --> By.xpath: //button[text()='Sign Out']
09:52:49.316  INFO  manager.ListenerWD - After find elements  -->By.xpath: //button[text()='Sign Out']
09:52:49.316  INFO  manager.ListenerWD - List size --> 1
09:52:49.316  INFO  manager.ListenerTestNG - onTestSuccessloginSuccessModelFromFile
09:52:49.316  INFO  tests.TestBase - The name of starts method is ---> loginSuccessModelFromFile
09:52:49.317  INFO  manager.ListenerWD - Before find elements  --> By.xpath: //button[text()='Sign Out']
09:52:49.325  INFO  manager.ListenerWD - After find elements  -->By.xpath: //button[text()='Sign Out']
09:52:49.325  INFO  manager.ListenerWD - List size --> 1
09:52:49.325  INFO  manager.ListenerWD - Before find element  --> By.xpath: //button[text()='Sign Out']
09:52:49.334  INFO  manager.ListenerWD - After find element  --> By.xpath: //button[text()='Sign Out']
09:52:49.363  INFO  tests.TestBase - I need logout
09:52:49.363  INFO  manager.ListenerTestNG - onTestStart ---loginSuccessModelFromFile
09:52:49.364  INFO  tests.TestBase - Test starts with user model --->User(email=franky@gmail.com, password=FrankY123$)
09:52:49.364  INFO  manager.ListenerWD - Before find element  --> By.cssSelector: a[href='/login']
09:52:49.372  INFO  manager.ListenerWD - After find element  --> By.cssSelector: a[href='/login']
09:52:49.399  INFO  manager.ListenerWD - Before find element  --> By.cssSelector: [name='email']
09:52:49.407  INFO  manager.ListenerWD - After find element  --> By.cssSelector: [name='email']
09:52:49.491  INFO  manager.ListenerWD - Before find element  --> By.name: password
09:52:49.501  INFO  manager.ListenerWD - After find element  --> By.name: password
09:52:49.582  INFO  manager.ListenerWD - Before find element  --> By.cssSelector: [name='login']
09:52:49.591  INFO  manager.ListenerWD - After find element  --> By.cssSelector: [name='login']
09:52:49.618  INFO  manager.ListenerWD - Before find elements  --> By.xpath: //button[text()='Sign Out']
09:52:49.896  INFO  manager.ListenerWD - After find elements  -->By.xpath: //button[text()='Sign Out']
09:52:49.896  INFO  manager.ListenerWD - List size --> 1
09:52:49.896  INFO  manager.ListenerTestNG - onTestSuccessloginSuccessModelFromFile
09:52:49.897  INFO  tests.TestBase - The name of starts method is ---> loginSuccessModelFromFile
09:52:49.898  INFO  manager.ListenerWD - Before find elements  --> By.xpath: //button[text()='Sign Out']
09:52:49.907  INFO  manager.ListenerWD - After find elements  -->By.xpath: //button[text()='Sign Out']
09:52:49.907  INFO  manager.ListenerWD - List size --> 1
09:52:49.908  INFO  manager.ListenerWD - Before find element  --> By.xpath: //button[text()='Sign Out']
09:52:49.916  INFO  manager.ListenerWD - After find element  --> By.xpath: //button[text()='Sign Out']
09:52:49.944  INFO  tests.TestBase - I need logout
09:52:49.945  INFO  manager.ListenerTestNG - onTestStart ---loginSuccessModelFromFile
09:52:49.945  INFO  tests.TestBase - Test starts with user model --->User(email=michael+1@gmail.com, password=Michael12345$)
09:52:49.945  INFO  manager.ListenerWD - Before find element  --> By.cssSelector: a[href='/login']
09:52:49.954  INFO  manager.ListenerWD - After find element  --> By.cssSelector: a[href='/login']
09:52:49.980  INFO  manager.ListenerWD - Before find element  --> By.cssSelector: [name='email']
09:52:49.989  INFO  manager.ListenerWD - After find element  --> By.cssSelector: [name='email']
09:52:50.078  INFO  manager.ListenerWD - Before find element  --> By.name: password
09:52:50.087  INFO  manager.ListenerWD - After find element  --> By.name: password
09:52:50.173  INFO  manager.ListenerWD - Before find element  --> By.cssSelector: [name='login']
09:52:50.182  INFO  manager.ListenerWD - After find element  --> By.cssSelector: [name='login']
09:52:50.208  INFO  manager.ListenerWD - Before find elements  --> By.xpath: //button[text()='Sign Out']
09:52:50.484  INFO  manager.ListenerWD - After find elements  -->By.xpath: //button[text()='Sign Out']
09:52:50.485  INFO  manager.ListenerWD - List size --> 1
09:52:50.485  INFO  manager.ListenerTestNG - onTestSuccessloginSuccessModelFromFile
09:52:50.485  INFO  tests.TestBase - The name of starts method is ---> loginSuccessNew
09:52:50.486  INFO  manager.ListenerWD - Before find elements  --> By.xpath: //button[text()='Sign Out']
09:52:50.494  INFO  manager.ListenerWD - After find elements  -->By.xpath: //button[text()='Sign Out']
09:52:50.494  INFO  manager.ListenerWD - List size --> 1
09:52:50.494  INFO  manager.ListenerWD - Before find element  --> By.xpath: //button[text()='Sign Out']
09:52:50.503  INFO  manager.ListenerWD - After find element  --> By.xpath: //button[text()='Sign Out']
09:52:50.532  INFO  tests.TestBase - I need logout
09:52:50.533  INFO  manager.ListenerTestNG - onTestStart ---loginSuccessNew
09:52:50.533  INFO  tests.TestBase - Login with valid data: email:michael+1@gmail.com & password:Michael12345$
09:52:50.533  INFO  manager.ListenerWD - Before find element  --> By.cssSelector: a[href='/login']
09:52:50.543  INFO  manager.ListenerWD - After find element  --> By.cssSelector: a[href='/login']
09:52:50.570  INFO  manager.ListenerWD - Before find element  --> By.cssSelector: [name='email']
09:52:50.578  INFO  manager.ListenerWD - After find element  --> By.cssSelector: [name='email']
09:52:50.669  INFO  manager.ListenerWD - Before find element  --> By.name: password
09:52:50.677  INFO  manager.ListenerWD - After find element  --> By.name: password
09:52:50.759  INFO  manager.ListenerWD - Before find element  --> By.cssSelector: [name='login']
09:52:50.768  INFO  manager.ListenerWD - After find element  --> By.cssSelector: [name='login']
09:52:50.797  INFO  manager.ListenerWD - Before find elements  --> By.xpath: //button[text()='Sign Out']
09:52:51.073  INFO  manager.ListenerWD - After find elements  -->By.xpath: //button[text()='Sign Out']
09:52:51.073  INFO  manager.ListenerWD - List size --> 1
09:52:51.073  INFO  tests.TestBase - Test success
09:52:51.073  INFO  manager.ListenerTestNG - onTestSuccessloginSuccessNew
09:52:51.074  INFO  tests.TestBase - The name of starts method is ---> loginSuccessNew
09:52:51.074  INFO  manager.ListenerWD - Before find elements  --> By.xpath: //button[text()='Sign Out']
09:52:51.082  INFO  manager.ListenerWD - After find elements  -->By.xpath: //button[text()='Sign Out']
09:52:51.082  INFO  manager.ListenerWD - List size --> 1
09:52:51.083  INFO  manager.ListenerWD - Before find element  --> By.xpath: //button[text()='Sign Out']
09:52:51.092  INFO  manager.ListenerWD - After find element  --> By.xpath: //button[text()='Sign Out']
09:52:51.122  INFO  tests.TestBase - I need logout
09:52:51.123  INFO  manager.ListenerTestNG - onTestStart ---loginSuccessNew
09:52:51.123  INFO  tests.TestBase - Login with valid data: email:franky@gmail.com & password:FrankY123$
09:52:51.123  INFO  manager.ListenerWD - Before find element  --> By.cssSelector: a[href='/login']
09:52:51.132  INFO  manager.ListenerWD - After find element  --> By.cssSelector: a[href='/login']
09:52:51.159  INFO  manager.ListenerWD - Before find element  --> By.cssSelector: [name='email']
09:52:51.168  INFO  manager.ListenerWD - After find element  --> By.cssSelector: [name='email']
09:52:51.260  INFO  manager.ListenerWD - Before find element  --> By.name: password
09:52:51.278  INFO  manager.ListenerWD - After find element  --> By.name: password
09:52:51.359  INFO  manager.ListenerWD - Before find element  --> By.cssSelector: [name='login']
09:52:51.368  INFO  manager.ListenerWD - After find element  --> By.cssSelector: [name='login']
09:52:51.394  INFO  manager.ListenerWD - Before find elements  --> By.xpath: //button[text()='Sign Out']
09:52:51.672  INFO  manager.ListenerWD - After find elements  -->By.xpath: //button[text()='Sign Out']
09:52:51.672  INFO  manager.ListenerWD - List size --> 1
09:52:51.672  INFO  tests.TestBase - Test success
09:52:51.672  INFO  manager.ListenerTestNG - onTestSuccessloginSuccessNew
09:52:51.673  INFO  tests.TestBase - The name of starts method is ---> loginSuccessNew
09:52:51.673  INFO  manager.ListenerWD - Before find elements  --> By.xpath: //button[text()='Sign Out']
09:52:51.681  INFO  manager.ListenerWD - After find elements  -->By.xpath: //button[text()='Sign Out']
09:52:51.681  INFO  manager.ListenerWD - List size --> 1
09:52:51.681  INFO  manager.ListenerWD - Before find element  --> By.xpath: //button[text()='Sign Out']
09:52:51.690  INFO  manager.ListenerWD - After find element  --> By.xpath: //button[text()='Sign Out']
09:52:51.720  INFO  tests.TestBase - I need logout
09:52:51.720  INFO  manager.ListenerTestNG - onTestStart ---loginSuccessNew
09:52:51.721  INFO  tests.TestBase - Login with valid data: email:michael+1@gmail.com & password:Michael12345$
09:52:51.721  INFO  manager.ListenerWD - Before find element  --> By.cssSelector: a[href='/login']
09:52:51.731  INFO  manager.ListenerWD - After find element  --> By.cssSelector: a[href='/login']
09:52:51.757  INFO  manager.ListenerWD - Before find element  --> By.cssSelector: [name='email']
09:52:51.765  INFO  manager.ListenerWD - After find element  --> By.cssSelector: [name='email']
09:52:51.854  INFO  manager.ListenerWD - Before find element  --> By.name: password
09:52:51.862  INFO  manager.ListenerWD - After find element  --> By.name: password
09:52:51.949  INFO  manager.ListenerWD - Before find element  --> By.cssSelector: [name='login']
09:52:51.958  INFO  manager.ListenerWD - After find element  --> By.cssSelector: [name='login']
09:52:51.984  INFO  manager.ListenerWD - Before find elements  --> By.xpath: //button[text()='Sign Out']
09:52:52.262  INFO  manager.ListenerWD - After find elements  -->By.xpath: //button[text()='Sign Out']
09:52:52.262  INFO  manager.ListenerWD - List size --> 1
09:52:52.262  INFO  tests.TestBase - Test success
09:52:52.262  INFO  manager.ListenerTestNG - onTestSuccessloginSuccessNew
09:52:52.263  INFO  manager.ListenerTestNG - onTestFailure ---loginSuccessNew2
09:52:52.263  INFO  manager.ListenerTestNG - onTestFailure ---loginSuccessNew2
09:52:52.264  INFO  tests.TestBase - The name of starts method is ---> loginUnregisteredUser
09:52:52.264  INFO  manager.ListenerWD - Before find elements  --> By.xpath: //button[text()='Sign Out']
09:52:52.276  INFO  manager.ListenerWD - After find elements  -->By.xpath: //button[text()='Sign Out']
09:52:52.277  INFO  manager.ListenerWD - List size --> 1
09:52:52.277  INFO  manager.ListenerWD - Before find element  --> By.xpath: //button[text()='Sign Out']
09:52:52.286  INFO  manager.ListenerWD - After find element  --> By.xpath: //button[text()='Sign Out']
09:52:52.317  INFO  tests.TestBase - I need logout
09:52:52.317  INFO  manager.ListenerTestNG - onTestStart ---loginUnregisteredUser
09:52:52.318  INFO  manager.ListenerWD - Before find element  --> By.cssSelector: a[href='/login']
09:52:52.327  INFO  manager.ListenerWD - After find element  --> By.cssSelector: a[href='/login']
09:52:52.360  INFO  manager.ListenerWD - Before find element  --> By.cssSelector: [name='email']
09:52:52.370  INFO  manager.ListenerWD - After find element  --> By.cssSelector: [name='email']
09:52:52.460  INFO  manager.ListenerWD - Before find element  --> By.name: password
09:52:52.469  INFO  manager.ListenerWD - After find element  --> By.name: password
09:52:52.551  INFO  manager.ListenerWD - Before find element  --> By.cssSelector: [name='login']
09:52:52.560  INFO  manager.ListenerWD - After find element  --> By.cssSelector: [name='login']
09:52:52.587  INFO  manager.ListenerWD - Before find elements  --> By.xpath: //button[text()='Sign Out']
09:52:52.963  INFO  manager.ListenerWD - After find elements  -->By.xpath: //button[text()='Sign Out']
09:52:52.963  INFO  manager.ListenerWD - List size --> 0
09:52:52.973  INFO  tests.TestBase - Test success
09:52:52.973  INFO  manager.ListenerTestNG - onTestSuccessloginUnregisteredUser
09:52:52.974  INFO  tests.TestBase - The name of starts method is ---> loginWrongEmail
09:52:52.974  INFO  manager.ListenerWD - Before find elements  --> By.xpath: //button[text()='Sign Out']
09:52:58.026  INFO  manager.ListenerWD - After find elements  -->By.xpath: //button[text()='Sign Out']
09:52:58.026  INFO  manager.ListenerWD - List size --> 0
09:52:58.026  INFO  manager.ListenerTestNG - onTestStart ---loginWrongEmail
09:52:58.026  INFO  manager.ListenerWD - Before find element  --> By.cssSelector: a[href='/login']
09:52:58.034  INFO  manager.ListenerWD - After find element  --> By.cssSelector: a[href='/login']
09:52:58.053  INFO  manager.ListenerWD - Before find element  --> By.cssSelector: [name='email']
09:52:58.064  INFO  manager.ListenerWD - After find element  --> By.cssSelector: [name='email']
09:52:58.158  INFO  manager.ListenerWD - Before find element  --> By.name: password
09:52:58.168  INFO  manager.ListenerWD - After find element  --> By.name: password
09:52:58.268  INFO  manager.ListenerWD - Before find element  --> By.cssSelector: [name='login']
09:52:58.277  INFO  manager.ListenerWD - After find element  --> By.cssSelector: [name='login']
09:52:58.305  INFO  manager.ListenerWD - Before find elements  --> By.xpath: //button[text()='Sign Out']
09:52:58.683  INFO  manager.ListenerWD - After find elements  -->By.xpath: //button[text()='Sign Out']
09:52:58.683  INFO  manager.ListenerWD - List size --> 0
09:52:58.693  INFO  tests.TestBase - Test success
09:52:58.694  INFO  manager.ListenerTestNG - onTestSuccessloginWrongEmail
09:52:58.694  INFO  tests.TestBase - The name of starts method is ---> loginWrongPassword
09:52:58.695  INFO  manager.ListenerWD - Before find elements  --> By.xpath: //button[text()='Sign Out']
09:53:03.710  INFO  manager.ListenerWD - After find elements  -->By.xpath: //button[text()='Sign Out']
09:53:03.710  INFO  manager.ListenerWD - List size --> 0
09:53:03.711  INFO  manager.ListenerTestNG - onTestStart ---loginWrongPassword
09:53:03.711  INFO  manager.ListenerWD - Before find element  --> By.cssSelector: a[href='/login']
09:53:03.719  INFO  manager.ListenerWD - After find element  --> By.cssSelector: a[href='/login']
09:53:03.741  INFO  manager.ListenerWD - Before find element  --> By.cssSelector: [name='email']
09:53:03.750  INFO  manager.ListenerWD - After find element  --> By.cssSelector: [name='email']
09:53:03.875  INFO  manager.ListenerWD - Before find element  --> By.name: password
09:53:03.884  INFO  manager.ListenerWD - After find element  --> By.name: password
09:53:03.975  INFO  manager.ListenerWD - Before find element  --> By.cssSelector: [name='login']
09:53:03.985  INFO  manager.ListenerWD - After find element  --> By.cssSelector: [name='login']
09:53:04.011  INFO  manager.ListenerWD - Before find elements  --> By.xpath: //button[text()='Sign Out']
09:53:04.389  INFO  manager.ListenerWD - After find elements  -->By.xpath: //button[text()='Sign Out']
09:53:04.389  INFO  manager.ListenerWD - List size --> 0
09:53:04.399  INFO  tests.TestBase - Test success
09:53:04.399  INFO  manager.ListenerTestNG - onTestSuccessloginWrongPassword
09:53:04.400  INFO  tests.TestBase - The name of starts method is ---> registrationSuccess
09:53:04.400  INFO  manager.ListenerWD - Before find elements  --> By.xpath: //button[text()='Sign Out']
09:53:09.403  INFO  manager.ListenerWD - After find elements  -->By.xpath: //button[text()='Sign Out']
09:53:09.403  INFO  manager.ListenerWD - List size --> 0
09:53:09.404  INFO  manager.ListenerTestNG - onTestStart ---registrationSuccess
09:53:09.406  INFO  manager.ListenerWD - Before find element  --> By.cssSelector: a[href='/login']
09:53:09.414  INFO  manager.ListenerWD - After find element  --> By.cssSelector: a[href='/login']
09:53:09.435  INFO  manager.ListenerWD - Before find element  --> By.cssSelector: [name='email']
09:53:09.445  INFO  manager.ListenerWD - After find element  --> By.cssSelector: [name='email']
09:53:09.535  INFO  manager.ListenerWD - Before find element  --> By.name: password
09:53:09.545  INFO  manager.ListenerWD - After find element  --> By.name: password
09:53:09.637  INFO  manager.ListenerWD - Before find element  --> By.cssSelector: [name='registration']
09:53:09.649  INFO  manager.ListenerWD - After find element  --> By.cssSelector: [name='registration']
09:53:09.674  INFO  manager.ListenerWD - Before find elements  --> By.xpath: //button[text()='Sign Out']
09:53:10.050  INFO  manager.ListenerWD - After find elements  -->By.xpath: //button[text()='Sign Out']
09:53:10.050  INFO  manager.ListenerWD - List size --> 0
09:53:10.051  INFO  manager.ListenerTestNG - onTestFailure ---registrationSuccess
09:53:10.052  INFO  tests.TestBase - The name of starts method is ---> registrationUserAlreadyExists
09:53:10.052  INFO  manager.ListenerWD - Before find elements  --> By.xpath: //button[text()='Sign Out']
09:53:10.055  INFO  manager.ListenerWD - Test ends with error
09:53:10.056  INFO  manager.ListenerWD - *********************
09:53:10.056  INFO  manager.ListenerWD - Method method findElements
09:53:10.056  INFO  manager.ListenerWD - ****************************
09:53:10.056  INFO  manager.ListenerWD - InvocationTargetException getTargetException ---> org.openqa.selenium.UnhandledAlertException: unexpected alert open: {Alert text : User already exist}
  (Session info: chrome=109.0.5414.120): User already exist
Build info: version: '4.7.1', revision: 'c6795baf1a3'
System info: os.name: 'Windows 10', os.arch: 'amd64', os.version: '10.0', java.version: '11.0.17'
Driver info: org.openqa.selenium.chrome.ChromeDriver
Command: [75c6cc6d273eac4859f4007f935dae6c, findElements {using=xpath, value=//button[text()='Sign Out']}]
Capabilities {acceptInsecureCerts: false, browserName: chrome, browserVersion: 109.0.5414.120, chrome: {chromedriverVersion: 109.0.5414.74 (e7c5703604da..., userDataDir: C:\Program Files (x86)\scop...}, goog:chromeOptions: {debuggerAddress: localhost:56839}, networkConnectionEnabled: false, pageLoadStrategy: normal, platformName: WINDOWS, proxy: Proxy(), se:cdp: ws://localhost:56839/devtoo..., se:cdpVersion: 109.0.5414.120, setWindowRect: true, strictFileInteractability: false, timeouts: {implicit: 0, pageLoad: 300000, script: 30000}, unhandledPromptBehavior: dismiss and notify, webauthn:extension:credBlob: true, webauthn:extension:largeBlob: true, webauthn:virtualAuthenticators: true}
Session ID: 75c6cc6d273eac4859f4007f935dae6c
09:53:10.056  INFO  manager.ListenerWD - ****************************
09:53:10.056  INFO  manager.ListenerWD - Object target ChromeDriver: chrome on WINDOWS (75c6cc6d273eac4859f4007f935dae6c)
09:53:10.056  INFO  manager.ListenerWD - ****************************
09:53:10.056  INFO  manager.ListenerWD - Screen with error --->src/test/screenshots/screen-998.png
09:53:10.465  INFO  manager.ListenerTestNG - onTestStart ---registrationUserAlreadyExists
09:53:10.465  INFO  manager.ListenerTestNG - onTestSkipped ---registrationUserAlreadyExists
09:53:10.466  INFO  manager.ListenerTestNG - onTestStart ---registrationWrongEmail
09:53:10.466  INFO  manager.ListenerTestNG - onTestSkipped ---registrationWrongEmail
09:53:10.466  INFO  manager.ListenerTestNG - onTestStart ---registrationWrongPassword
09:53:10.466  INFO  manager.ListenerTestNG - onTestSkipped ---registrationWrongPassword
09:53:10.468  INFO  manager.ListenerTestNG - onFinish ---Gradle test
