19:08:39.024  INFO  manager.ApplicationManager - All tests start in Chrome Browser
19:08:40.565  INFO  manager.ApplicationManager - Current url --> https://telranedu.web.app/home
19:08:40.568  INFO  manager.ListenerTestNG - onStart ---Gradle test
19:08:40.588  INFO  tests.TestBase - The name of starts method is ---> loginWrongEmail
19:08:40.590  INFO  manager.ListenerWD - Before find elements  --> By.xpath: //button[text()='Sign Out']
19:08:45.623  INFO  manager.ListenerWD - After find elements  -->By.xpath: //button[text()='Sign Out']
19:08:45.625  INFO  manager.ListenerWD - List size --> 0
19:08:45.626  INFO  manager.ListenerTestNG - onTestStart ---loginWrongEmail
19:08:45.627  INFO  manager.ListenerWD - Before find element  --> By.cssSelector: a[href='/login']
19:08:45.651  INFO  manager.ListenerWD - After find element  --> By.cssSelector: a[href='/login']
19:08:45.700  INFO  manager.ListenerWD - Before find element  --> By.cssSelector: [name='email']
19:08:45.726  INFO  manager.ListenerWD - After find element  --> By.cssSelector: [name='email']
19:08:45.816  INFO  manager.ListenerWD - Before find element  --> By.name: password
19:08:45.838  INFO  manager.ListenerWD - After find element  --> By.name: password
19:08:45.922  INFO  manager.ListenerWD - Before find element  --> By.cssSelector: [name='login']
19:08:45.940  INFO  manager.ListenerWD - After find element  --> By.cssSelector: [name='login']
19:08:45.969  INFO  manager.ListenerWD - Before find elements  --> By.xpath: //button[text()='Sign Out']
19:08:48.026  INFO  manager.ListenerWD - After find elements  -->By.xpath: //button[text()='Sign Out']
19:08:48.027  INFO  manager.ListenerWD - List size --> 0
19:08:48.051  INFO  tests.TestBase - Test success
19:08:48.053  INFO  manager.ListenerTestNG - onTestSuccessloginWrongEmail
19:08:48.057  INFO  manager.ListenerTestNG - onFinish ---Gradle test
