18:37:38.844  INFO  manager.ApplicationManager - All tests start in Chrome Browser
18:37:40.025  INFO  manager.ApplicationManager - Current url --> https://telranedu.web.app/home
18:37:40.031  INFO  manager.ListenerTestNG - onStart ---Gradle test
18:37:40.051  INFO  tests.TestBase - The name of starts method is ---> loginSuccess
18:37:40.053  INFO  manager.ListenerWD - Before find elements  --> By.xpath: //button[text()='Sign Out']
18:37:45.097  INFO  manager.ListenerWD - After find elements  -->By.xpath: //button[text()='Sign Out']
18:37:45.099  INFO  manager.ListenerWD - List size --> 0
18:37:45.101  INFO  manager.ListenerTestNG - onTestStart ---loginSuccess
18:37:45.106  INFO  tests.TestBase - Login with valid data: email:michael+1@gmail.com & password:Mihael12345$
18:37:45.107  INFO  manager.ListenerWD - Before find element  --> By.cssSelector: a[href='/login']
18:37:45.137  INFO  manager.ListenerWD - After find element  --> By.cssSelector: a[href='/login']
18:37:45.195  INFO  manager.ListenerWD - Before find element  --> By.cssSelector: [name='email']
18:37:45.222  INFO  manager.ListenerWD - After find element  --> By.cssSelector: [name='email']
18:37:45.357  INFO  manager.ListenerWD - Before find element  --> By.name: password
18:37:45.383  INFO  manager.ListenerWD - After find element  --> By.name: password
18:37:45.478  INFO  manager.ListenerWD - Before find element  --> By.cssSelector: [name='login']
18:37:45.503  INFO  manager.ListenerWD - After find element  --> By.cssSelector: [name='login']
18:37:45.533  INFO  manager.ListenerWD - Before find elements  --> By.xpath: //button[text()='Sign Out']
18:37:46.710  INFO  manager.ListenerWD - After find elements  -->By.xpath: //button[text()='Sign Out']
18:37:46.710  INFO  manager.ListenerWD - List size --> 0
18:37:46.714  INFO  manager.ListenerTestNG - onTestFailure ---loginSuccess
18:37:46.715  INFO  tests.TestBase - The name of starts method is ---> loginSuccess
18:37:46.715  INFO  manager.ListenerWD - Before find elements  --> By.xpath: //button[text()='Sign Out']
18:37:46.726  INFO  manager.ListenerWD - Test ends with error
18:37:46.726  INFO  manager.ListenerWD - *********************
18:37:46.726  INFO  manager.ListenerWD - Method method findElements
18:37:46.726  INFO  manager.ListenerWD - ****************************
18:37:46.728  INFO  manager.ListenerWD - InvocationTargetException getTargetException ---> org.openqa.selenium.UnhandledAlertException: unexpected alert open: {Alert text : Wrong email or password}
  (Session info: chrome=109.0.5414.120): Wrong email or password
Build info: version: '4.7.1', revision: 'c6795baf1a3'
System info: os.name: 'Windows 10', os.arch: 'amd64', os.version: '10.0', java.version: '11.0.17'
Driver info: org.openqa.selenium.chrome.ChromeDriver
Command: [fb78bf78483fac1ee479ecf68e128a1a, findElements {using=xpath, value=//button[text()='Sign Out']}]
Capabilities {acceptInsecureCerts: false, browserName: chrome, browserVersion: 109.0.5414.120, chrome: {chromedriverVersion: 109.0.5414.74 (e7c5703604da..., userDataDir: C:\Program Files (x86)\scop...}, goog:chromeOptions: {debuggerAddress: localhost:54661}, networkConnectionEnabled: false, pageLoadStrategy: normal, platformName: WINDOWS, proxy: Proxy(), se:cdp: ws://localhost:54661/devtoo..., se:cdpVersion: 109.0.5414.120, setWindowRect: true, strictFileInteractability: false, timeouts: {implicit: 0, pageLoad: 300000, script: 30000}, unhandledPromptBehavior: dismiss and notify, webauthn:extension:credBlob: true, webauthn:extension:largeBlob: true, webauthn:virtualAuthenticators: true}
Session ID: fb78bf78483fac1ee479ecf68e128a1a
18:37:46.728  INFO  manager.ListenerWD - ****************************
18:37:46.729  INFO  manager.ListenerWD - Object target ChromeDriver: chrome on WINDOWS (fb78bf78483fac1ee479ecf68e128a1a)
18:37:46.729  INFO  manager.ListenerWD - ****************************
18:37:46.732  INFO  manager.ListenerWD - Screen with error --->src/test/screenshots/screen-12.png
18:37:47.133  INFO  manager.ListenerTestNG - onTestStart ---loginSuccess
18:37:47.133  INFO  manager.ListenerTestNG - onTestSkipped ---loginSuccess
18:37:47.134  INFO  manager.ListenerTestNG - onTestStart ---loginSuccess
18:37:47.134  INFO  manager.ListenerTestNG - onTestSkipped ---loginSuccess
18:37:47.137  INFO  manager.ListenerTestNG - onFinish ---Gradle test
